15:10:09 **** Incremental Build of configuration Nios II for project rtos ****
make all 
Info: Building ../rtos_bsp/
C:/intelFPGA_lite/16.1/nios2eds/bin/gnu/H-x86_64-mingw32/bin/make --no-print-directory -C ../rtos_bsp/
[BSP build complete]
Info: Compiling hello_ucosii.c to obj/default/hello_ucosii.o
nios2-elf-gcc -xc -MP -MMD -c -I../rtos_bsp//UCOSII/inc -I../rtos_bsp//HAL/inc -I../rtos_bsp/ -I../rtos_bsp//drivers/inc  -pipe -D__hal__ -DALT_NO_INSTRUCTION_EMULATION -D__ucosii__    -O0 -g -Wall   -mno-hw-div -mhw-mul -mno-hw-mulx -mgpopt=global  -o obj/default/hello_ucosii.o hello_ucosii.c
hello_ucosii.c:122:13: warning: 'pio_init' defined but not used [-Wunused-function]
 static void pio_init() {
             ^
Info: Linking rtos.elf
nios2-elf-g++  -T'../rtos_bsp//linker.x' -msys-crt0='../rtos_bsp//obj/HAL/src/crt0.o' -msys-lib=ucosii_bsp -L../rtos_bsp/   -Wl,-Map=rtos.map   -O0 -g -Wall   -mno-hw-div -mhw-mul -mno-hw-mulx -mgpopt=global  -o rtos.elf obj/default/hello_ucosii.o -lm -msys-lib=m
nios2-elf-insert rtos.elf --thread_model ucosii --cpu_name nios2_gen2_0 --qsys true --simulation_enabled false --id 16843008 --sidp 0x201000 --timestamp 1701208416 --stderr_dev jtag_uart_0 --stdin_dev jtag_uart_0 --stdout_dev jtag_uart_0 --sopc_system_name GameSystem --quartus_project_dir "C:/FinalProjectFiles" --jdi ../..//output_files/Final.jdi --sopcinfo C:/FinalProjectFiles/software_rtos/rtos_bsp/../../GameSystem.sopcinfo
Info: (rtos.elf) 136 KBytes program size (code + initialized data).
Info:            130928 KBytes free for stack + heap.
Info: Creating rtos.objdump
nios2-elf-objdump --disassemble --syms --all-header --source rtos.elf >rtos.objdump
[rtos build complete]
15:10:20 **** Build of configuration Nios II for project rtos ****
make all 
Info: Building ../rtos_bsp/
C:/intelFPGA_lite/16.1/nios2eds/bin/gnu/H-x86_64-mingw32/bin/make --no-print-directory -C ../rtos_bsp/
[BSP build complete]
[rtos build complete]
15:10:22 **** Incremental Build of configuration Nios II for project rtos ****
make all 
Info: Building ../rtos_bsp/
C:/intelFPGA_lite/16.1/nios2eds/bin/gnu/H-x86_64-mingw32/bin/make --no-print-directory -C ../rtos_bsp/
[BSP build complete]
[rtos build complete]
