14:49:08 **** Build of configuration Nios II for project Final ****
make all 
Info: Building ../Final_bsp/
C:/intelFPGA_lite/16.1/nios2eds/bin/gnu/H-x86_64-mingw32/bin/make --no-print-directory -C ../Final_bsp/
[BSP build complete]
Info: Compiling hello_world.c to obj/default/hello_world.o
nios2-elf-gcc -xc -MP -MMD -c -I../Final_bsp//HAL/inc -I../Final_bsp/ -I../Final_bsp//drivers/inc  -pipe -D__hal__ -DALT_NO_INSTRUCTION_EMULATION -DALT_SINGLE_THREADED    -O0 -g -Wall   -mno-hw-div -mhw-mul -mno-hw-mulx -mgpopt=global  -o obj/default/hello_world.o hello_world.c
Info: Linking Final.elf
nios2-elf-g++  -T'../Final_bsp//linker.x' -msys-crt0='../Final_bsp//obj/HAL/src/crt0.o' -msys-lib=hal_bsp -L../Final_bsp/   -Wl,-Map=Final.map   -O0 -g -Wall   -mno-hw-div -mhw-mul -mno-hw-mulx -mgpopt=global  -o Final.elf obj/default/hello_world.o -lm -msys-lib=m
nios2-elf-insert Final.elf --thread_model hal --cpu_name nios2_gen2_0 --qsys true --simulation_enabled false --id 16843008 --sidp 0x201000 --timestamp 1701208416 --stderr_dev jtag_uart_0 --stdin_dev jtag_uart_0 --stdout_dev jtag_uart_0 --sopc_system_name GameSystem --quartus_project_dir "C:/FinalProjectFiles" --jdi ../..//output_files/Final.jdi --sopcinfo C:/FinalProjectFiles/software_liam/Final_bsp/../../GameSystem.sopcinfo
Info: (Final.elf) 30 KBytes program size (code + initialized data).
Info:             131034 KBytes free for stack + heap.
Info: Creating Final.objdump
nios2-elf-objdump --disassemble --syms --all-header --source Final.elf >Final.objdump
[Final build complete]
14:49:21 **** Build of configuration Nios II for project Final ****
make all 
Info: Building ../Final_bsp/
C:/intelFPGA_lite/16.1/nios2eds/bin/gnu/H-x86_64-mingw32/bin/make --no-print-directory -C ../Final_bsp/
[BSP build complete]
[Final build complete]
14:49:39 **** Incremental Build of configuration Nios II for project Final ****
make all 
Info: Building ../Final_bsp/
C:/intelFPGA_lite/16.1/nios2eds/bin/gnu/H-x86_64-mingw32/bin/make --no-print-directory -C ../Final_bsp/
[BSP build complete]
[Final build complete]
